# JRE version: OpenJDK Runtime Environment (8.0_202-b03) (build 1.8.0_202-release-1483-b03)
# Java VM: OpenJDK 64-Bit Server VM (25.202-b03 mixed mode windows-amd64 compressed oops)
Heap:
 PSYoungGen      total 273408K, used 250815K [0x00000000e0000000, 0x00000000f2a00000, 0x0000000100000000)
  eden space 242688K, 98% used [0x00000000e0000000,0x00000000ee8aab98,0x00000000eed00000)
  from space 30720K, 40% used [0x00000000f0c00000,0x00000000f18450b0,0x00000000f2a00000)
  to   space 31232K, 0% used [0x00000000eed00000,0x00000000eed00000,0x00000000f0b80000)
 ParOldGen       total 217088K, used 68620K [0x00000000a0000000, 0x00000000ad400000, 0x00000000e0000000)
  object space 217088K, 31% used [0x00000000a0000000,0x00000000a4303120,0x00000000ad400000)
 Metaspace       used 101794K, capacity 108134K, committed 108288K, reserved 1142784K
  class space    used 12917K, capacity 14023K, committed 14080K, reserved 1048576K
GC Heap History (10 events):
Event: 2753.862 GC heap before
{Heap before GC invocations=22 (full 3):
 PSYoungGen      total 204288K, used 204275K [0x00000000e0000000, 0x00000000f0280000, 0x0000000100000000)
  eden space 190976K, 100% used [0x00000000e0000000,0x00000000eba80000,0x00000000eba80000)
  from space 13312K, 99% used [0x00000000edb00000,0x00000000ee7fcda8,0x00000000ee800000)
  to   space 33280K, 0% used [0x00000000eba80000,0x00000000eba80000,0x00000000edb00000)
 ParOldGen       total 137216K, used 66815K [0x00000000a0000000, 0x00000000a8600000, 0x00000000e0000000)
  object space 137216K, 48% used [0x00000000a0000000,0x00000000a413fd18,0x00000000a8600000)
 Metaspace       used 93171K, capacity 97458K, committed 97664K, reserved 1134592K
  class space    used 12091K, capacity 12913K, committed 12928K, reserved 1048576K
Event: 2753.918 GC heap after
Heap after GC invocations=22 (full 3):
 PSYoungGen      total 224256K, used 13288K [0x00000000e0000000, 0x00000000f0d00000, 0x0000000100000000)
  eden space 190976K, 0% used [0x00000000e0000000,0x00000000e0000000,0x00000000eba80000)
  from space 33280K, 39% used [0x00000000eba80000,0x00000000ec77a3d0,0x00000000edb00000)
  to   space 31744K, 0% used [0x00000000eee00000,0x00000000eee00000,0x00000000f0d00000)
 ParOldGen       total 137216K, used 75850K [0x00000000a0000000, 0x00000000a8600000, 0x00000000e0000000)
  object space 137216K, 55% used [0x00000000a0000000,0x00000000a4a12910,0x00000000a8600000)
 Metaspace       used 93171K, capacity 97458K, committed 97664K, reserved 1134592K
  class space    used 12091K, capacity 12913K, committed 12928K, reserved 1048576K
}
Event: 2755.527 GC heap before
{Heap before GC invocations=23 (full 3):
 PSYoungGen      total 224256K, used 148232K [0x00000000e0000000, 0x00000000f0d00000, 0x0000000100000000)
  eden space 190976K, 70% used [0x00000000e0000000,0x00000000e83c7ef0,0x00000000eba80000)
  from space 33280K, 39% used [0x00000000eba80000,0x00000000ec77a3d0,0x00000000edb00000)
  to   space 31744K, 0% used [0x00000000eee00000,0x00000000eee00000,0x00000000f0d00000)
 ParOldGen       total 137216K, used 75850K [0x00000000a0000000, 0x00000000a8600000, 0x00000000e0000000)
  object space 137216K, 55% used [0x00000000a0000000,0x00000000a4a12910,0x00000000a8600000)
 Metaspace       used 94096K, capacity 98504K, committed 98560K, reserved 1134592K
  class space    used 12185K, capacity 13024K, committed 13056K, reserved 1048576K
Event: 2755.570 GC heap after
Heap after GC invocations=23 (full 3):
 PSYoungGen      total 242176K, used 22440K [0x00000000e0000000, 0x00000000f1400000, 0x0000000100000000)
  eden space 210432K, 0% used [0x00000000e0000000,0x00000000e0000000,0x00000000ecd80000)
  from space 31744K, 70% used [0x00000000eee00000,0x00000000f03ea3c8,0x00000000f0d00000)
  to   space 33280K, 0% used [0x00000000ecd80000,0x00000000ecd80000,0x00000000eee00000)
 ParOldGen       total 137216K, used 75858K [0x00000000a0000000, 0x00000000a8600000, 0x00000000e0000000)
  object space 137216K, 55% used [0x00000000a0000000,0x00000000a4a14910,0x00000000a8600000)
 Metaspace       used 94096K, capacity 98504K, committed 98560K, reserved 1134592K
  class space    used 12185K, capacity 13024K, committed 13056K, reserved 1048576K
}
Event: 2755.570 GC heap before
{Heap before GC invocations=24 (full 4):
 PSYoungGen      total 242176K, used 22440K [0x00000000e0000000, 0x00000000f1400000, 0x0000000100000000)
  eden space 210432K, 0% used [0x00000000e0000000,0x00000000e0000000,0x00000000ecd80000)
  from space 31744K, 70% used [0x00000000eee00000,0x00000000f03ea3c8,0x00000000f0d00000)
  to   space 33280K, 0% used [0x00000000ecd80000,0x00000000ecd80000,0x00000000eee00000)
 ParOldGen       total 137216K, used 75858K [0x00000000a0000000, 0x00000000a8600000, 0x00000000e0000000)
  object space 137216K, 55% used [0x00000000a0000000,0x00000000a4a14910,0x00000000a8600000)
 Metaspace       used 94096K, capacity 98504K, committed 98560K, reserved 1134592K
  class space    used 12185K, capacity 13024K, committed 13056K, reserved 1048576K
Event: 2757.432 GC heap after
Heap after GC invocations=24 (full 4):
 PSYoungGen      total 242176K, used 0K [0x00000000e0000000, 0x00000000f1400000, 0x0000000100000000)
  eden space 210432K, 0% used [0x00000000e0000000,0x00000000e0000000,0x00000000ecd80000)
  from space 31744K, 0% used [0x00000000eee00000,0x00000000eee00000,0x00000000f0d00000)
  to   space 33280K, 0% used [0x00000000ecd80000,0x00000000ecd80000,0x00000000eee00000)
 ParOldGen       total 217088K, used 68604K [0x00000000a0000000, 0x00000000ad400000, 0x00000000e0000000)
  object space 217088K, 31% used [0x00000000a0000000,0x00000000a42ff120,0x00000000ad400000)
 Metaspace       used 93539K, capacity 97146K, committed 98560K, reserved 1134592K
  class space    used 12041K, capacity 12772K, committed 13056K, reserved 1048576K
}
Event: 3053.278 GC heap before
{Heap before GC invocations=25 (full 4):
 PSYoungGen      total 242176K, used 210432K [0x00000000e0000000, 0x00000000f1400000, 0x0000000100000000)
  eden space 210432K, 100% used [0x00000000e0000000,0x00000000ecd80000,0x00000000ecd80000)
  from space 31744K, 0% used [0x00000000eee00000,0x00000000eee00000,0x00000000f0d00000)
  to   space 33280K, 0% used [0x00000000ecd80000,0x00000000ecd80000,0x00000000eee00000)
 ParOldGen       total 217088K, used 68604K [0x00000000a0000000, 0x00000000ad400000, 0x00000000e0000000)
  object space 217088K, 31% used [0x00000000a0000000,0x00000000a42ff120,0x00000000ad400000)
 Metaspace       used 97910K, capacity 102662K, committed 102912K, reserved 1138688K
  class space    used 12423K, capacity 13306K, committed 13312K, reserved 1048576K
Event: 3056.481 GC heap after
Heap after GC invocations=25 (full 4):
 PSYoungGen      total 243712K, used 6165K [0x00000000e0000000, 0x00000000f2c00000, 0x0000000100000000)
  eden space 210432K, 0% used [0x00000000e0000000,0x00000000e0000000,0x00000000ecd80000)
  from space 33280K, 18% used [0x00000000ecd80000,0x00000000ed385628,0x00000000eee00000)
  to   space 32768K, 0% used [0x00000000f0c00000,0x00000000f0c00000,0x00000000f2c00000)
 ParOldGen       total 217088K, used 68612K [0x00000000a0000000, 0x00000000ad400000, 0x00000000e0000000)
  object space 217088K, 31% used [0x00000000a0000000,0x00000000a4301120,0x00000000ad400000)
 Metaspace       used 97910K, capacity 102662K, committed 102912K, reserved 1138688K
  class space    used 12423K, capacity 13306K, committed 13312K, reserved 1048576K
}
Event: 3086.236 GC heap before
{Heap before GC invocations=26 (full 4):
 PSYoungGen      total 243712K, used 216597K [0x00000000e0000000, 0x00000000f2c00000, 0x0000000100000000)
  eden space 210432K, 100% used [0x00000000e0000000,0x00000000ecd80000,0x00000000ecd80000)
  from space 33280K, 18% used [0x00000000ecd80000,0x00000000ed385628,0x00000000eee00000)
  to   space 32768K, 0% used [0x00000000f0c00000,0x00000000f0c00000,0x00000000f2c00000)
 ParOldGen       total 217088K, used 68612K [0x00000000a0000000, 0x00000000ad400000, 0x00000000e0000000)
  object space 217088K, 31% used [0x00000000a0000000,0x00000000a4301120,0x00000000ad400000)
 Metaspace       used 99977K, capacity 105132K, committed 105344K, reserved 1140736K
  class space    used 12669K, capacity 13608K, committed 13696K, reserved 1048576K
Event: 3086.805 GC heap after
Heap after GC invocations=26 (full 4):
 PSYoungGen      total 273408K, used 12564K [0x00000000e0000000, 0x00000000f2a00000, 0x0000000100000000)
  eden space 242688K, 0% used [0x00000000e0000000,0x00000000e0000000,0x00000000eed00000)
  from space 30720K, 40% used [0x00000000f0c00000,0x00000000f18450b0,0x00000000f2a00000)
  to   space 31232K, 0% used [0x00000000eed00000,0x00000000eed00000,0x00000000f0b80000)
 ParOldGen       total 217088K, used 68620K [0x00000000a0000000, 0x00000000ad400000, 0x00000000e0000000)
  object space 217088K, 31% used [0x00000000a0000000,0x00000000a4303120,0x00000000ad400000)
 Metaspace       used 99977K, capacity 105132K, committed 105344K, reserved 1140736K
  class space    used 12669K, capacity 13608K, committed 13696K, reserved 1048576K
}

